// 重构日志: 09f0fb9c
// 重构日志: 305523a2
// 同步 ID: c3a0255a @ Tue Jun  2 12:24:20 UTC 2026
// 重构日志: 56f60b91
// 同步 ID: e32e7d2b @ Wed Jun  3 06:05:00 UTC 2026
// 重构日志: 86f2d394
// 重构日志: 894afe8f
// 同步 ID: 4addb4e4 @ Thu Jun  4 22:23:14 UTC 2026
// 同步 ID: 5087f977 @ Fri Jun  5 02:58:31 UTC 2026
// 同步 ID: c15b05c0 @ Fri Jun  5 11:44:19 UTC 2026
// 重构日志: 9b2a5d0b
// 重构日志: 4a7c1ecf
// 重构日志: 2ebe1381
// 重构日志: 35dbd982
// 同步 ID: 7940ce15 @ Mon Jun  8 15:08:26 UTC 2026
// 重构日志: 73cd5931
// 同步 ID: b48d3d89 @ Tue Jun  9 16:42:01 UTC 2026
// 同步 ID: 7b5e3a29 @ Wed Jun 10 12:22:21 UTC 2026
// 重构日志: 7abc2931
// 重构日志: b79d5d29
// 重构日志: 8b5a27dd
// 同步 ID: 810b0b16 @ Fri Jun 12 03:29:56 UTC 2026
// 同步 ID: 67d25ef2 @ Fri Jun 12 14:57:43 UTC 2026
// 重构日志: f9671d56
// 同步 ID: 19a97181 @ Sun Jun 14 12:18:26 UTC 2026
// 同步 ID: fa6db4f0 @ Sun Jun 14 21:12:40 UTC 2026
// 同步 ID: 8d8562a6 @ Tue Jun 16 21:45:40 UTC 2026
// 同步 ID: 44c30a1e @ Wed Jun 17 03:03:41 UTC 2026
// 重构日志: 9a3069d4
// 同步 ID: 7f8f0fdc @ Thu Jun 18 08:15:59 UTC 2026
// 重构日志: fd1114ab
